<?xml version="1.0" encoding="UTF-8"?>
<!-- Generated by org.testng.reporters.JUnitReportReporter -->
<testsuite hostname="cordova-014" failures="0" tests="1" name="Testcases_Masters.DocumentTypes" time="1.097" errors="0" timestamp="2024-05-02T15:00:45 IST" skipped="0">
  <testcase classname="Testcases_Masters.DocumentTypes" name="DocumentTypeTest" time="1.097"/>
  <system-out/>
</testsuite> <!-- Testcases_Masters.DocumentTypes -->
