<?xml version="1.0" encoding="UTF-8"?>
<!-- Generated by org.testng.reporters.JUnitReportReporter -->
<testsuite hostname="cordova-014" failures="0" tests="1" name="Company.AllEmployees" time="18.138" errors="0" timestamp="2024-05-03T10:01:43 IST" skipped="0">
  <testcase classname="Company.AllEmployees" name="DocumentTypeTest" time="18.138"/>
  <system-out/>
</testsuite> <!-- Company.AllEmployees -->
