<?xml version="1.0" encoding="UTF-8"?>
<!-- Generated by org.testng.reporters.JUnitReportReporter -->
<testsuite hostname="docme170" failures="0" tests="1" name="Testcases.MastersTest" time="1.416" errors="0" timestamp="2024-02-17T11:32:11 IST" skipped="0">
  <testcase classname="Testcases.MastersTest" name="DesignationTest" time="1.416"/>
  <system-out/>
</testsuite> <!-- Testcases.MastersTest -->
