<?xml version="1.0" encoding="UTF-8"?>
<!-- Generated by org.testng.reporters.JUnitReportReporter -->
<testsuite hostname="cordova-014" failures="0" tests="2" name="Testcases_Masters.MastersTest" time="0.250" errors="0" timestamp="2024-05-13T14:41:11 IST" skipped="0">
  <testcase classname="Testcases_Masters.MastersTest" name="DesignationTest" time="0.143"/>
  <system-out/>
  <testcase classname="Testcases_Masters.MastersTest" name="DocumentTypesTest" time="0.107"/>
  <system-out/>
</testsuite> <!-- Testcases_Masters.MastersTest -->
